2015-04-08 01:21:22,427 - pharos-linux-setup - INFO - Beginning setup.py
2015-04-08 01:21:22,427 - pharos-linux-setup - INFO - Verifying pre-requisites
2015-04-08 01:21:22,428 - pharos-linux-setup - INFO - checking if cups is available
2015-04-08 01:21:22,428 - pharos-linux-setup - INFO - Checking if cups is running
2015-04-08 01:21:22,428 - pharos-linux-setup - INFO - Getting list of processes
2015-04-08 01:21:22,437 - pharos-linux-setup - INFO - cups is running with details:  1232 ?        Ssl    0:00 /usr/bin/cupsd -l 
2015-04-08 01:21:22,437 - pharos-linux-setup - INFO - cups is running.
2015-04-08 01:21:22,437 - pharos-linux-setup - INFO - CUPS is installed and running. Can continue
2015-04-08 01:21:22,437 - pharos-linux-setup - INFO - checking if wxPython is available
2015-04-08 01:21:22,514 - pharos-linux-setup - INFO - wxPython is installed
2015-04-08 01:21:22,514 - pharos-linux-setup - INFO - Checking if all the drivers used in /home/paul/Downloads/pharos-linux-master/printers.conf are installed on the system
2015-04-08 01:23:35,739 - pharos-linux-setup - INFO - Beginning setup.py
2015-04-08 01:23:35,740 - pharos-linux-setup - INFO - Verifying pre-requisites
2015-04-08 01:23:35,740 - pharos-linux-setup - INFO - checking if cups is available
2015-04-08 01:23:35,740 - pharos-linux-setup - INFO - Checking if cups is running
2015-04-08 01:23:35,740 - pharos-linux-setup - INFO - Getting list of processes
2015-04-08 01:23:35,748 - pharos-linux-setup - INFO - cups is running with details:  1232 ?        Ssl    0:00 /usr/bin/cupsd -l 
2015-04-08 01:23:35,748 - pharos-linux-setup - INFO - cups is running.
2015-04-08 01:23:35,749 - pharos-linux-setup - INFO - CUPS is installed and running. Can continue
2015-04-08 01:23:35,749 - pharos-linux-setup - INFO - checking if wxPython is available
2015-04-08 01:23:35,824 - pharos-linux-setup - INFO - wxPython is installed
2015-04-08 01:23:35,825 - pharos-linux-setup - INFO - Checking if all the drivers used in /home/paul/Downloads/pharos-linux-master/printers.conf are installed on the system
2015-04-08 01:23:35,825 - pharos-linux-setup - INFO - Printers list = Linux_Laser, Linux_Color
2015-04-08 01:23:35,825 - pharos-linux-setup - INFO - Checking drivers for total 2 printers
2015-04-08 01:23:35,825 - pharos-linux-setup - INFO - Checking printer Linux_Laser
2015-04-08 01:23:35,826 - pharos-linux-setup - INFO - Printer Linux_Laser is defined in config file
2015-04-08 01:23:35,826 - pharos-linux-setup - INFO - Checking if driver HP LaserJet 600 pcl3, hpcups is installed on the system for model HP LaserJet 600
2015-04-08 01:23:35,826 - pharos-linux-setup - INFO - Printer driver <HP LaserJet 600 pcl3, hpcups> is defined for printer model HP LaserJet 600
2015-04-08 01:23:35,826 - pharos-linux-setup - INFO - Fixing Printer driver name
2015-04-08 01:23:36,405 - pharos-linux-setup - INFO - Total 2 drivers returned for <HP LaserJet 600> make and model
2015-04-08 01:23:36,405 - pharos-linux-setup - INFO - checking if driver <HP LaserJet 600 M601 M602 M603 Postscript> matches <HP LaserJet 600 pcl3, hpcups>
2015-04-08 01:23:36,406 - pharos-linux-setup - INFO - Driver HP LaserJet 600 M601 M602 M603 Postscript does not match
2015-04-08 01:23:36,406 - pharos-linux-setup - INFO - Returing driver path 
2015-04-08 01:23:36,406 - pharos-linux-setup - ERROR - Driver <HP LaserJet 600 pcl3, hpcups> is not installed on the system 
2015-04-08 01:23:36,406 - pharos-linux-setup - INFO - Checking printer Linux_Color
2015-04-08 01:23:36,406 - pharos-linux-setup - INFO - Printer Linux_Color is defined in config file
2015-04-08 01:23:36,406 - pharos-linux-setup - INFO - Checking if driver HP Color LaserJet CP4525 pcl3, hpcups is installed on the system for model HP Color LaserJet CP4525
2015-04-08 01:23:36,406 - pharos-linux-setup - INFO - Printer driver <HP Color LaserJet CP4525 pcl3, hpcups> is defined for printer model HP Color LaserJet CP4525
2015-04-08 01:23:36,406 - pharos-linux-setup - INFO - Fixing Printer driver name
2015-04-08 01:23:36,548 - pharos-linux-setup - ERROR - Could not get printer driver details using lpinfo
2015-04-08 01:23:36,549 - pharos-linux-setup - ERROR - Driver <HP Color LaserJet CP4525 pcl3, hpcups> is not installed on the system 
2015-04-08 01:23:36,549 - pharos-linux-setup - ERROR - None of the required drivers are available on the system (refer log file /home/paul/Downloads/pharos-linux-master/pharos-linux.log for details). Please install all the drivers required before proceeding.
2015-04-08 01:23:36,549 - pharos-linux-setup - INFO - Beginning pharos uninstallation
2015-04-08 01:23:36,549 - pharos-linux-setup - INFO - Uninstalling all pharos printers
2015-04-08 01:23:36,549 - pharos-linux-setup - INFO - Getting list of all printers by queue backend type
2015-04-08 01:23:36,549 - pharos-linux-setup - INFO - Querying printers using command ['lpstat', '-p']
2015-04-08 01:23:36,557 - pharos-linux-setup - ERROR - Could not query all printers printer using lpstat
2015-04-08 01:23:36,557 - pharos-linux-setup - INFO - All printer = {}
2015-04-08 01:23:36,557 - pharos-linux-setup - WARNING - There are no pharos printers installed on the system
2015-04-08 01:23:36,557 - pharos-linux-setup - INFO - All pharos printers have been deleted. Can proceed with uninstalling the CUPS pharos backend
2015-04-08 01:23:36,557 - pharos-linux-setup - INFO - Uninstalling pharos backend
2015-04-08 01:23:36,557 - pharos-linux-setup - INFO - Successfully removed backend file
2015-04-08 01:23:36,557 - pharos-linux-setup - INFO - Uninstall Pharos Popup Server
2015-04-08 01:23:36,557 - pharos-linux-setup - INFO - Checking if popup server pharospopup is running
2015-04-08 01:23:36,557 - pharos-linux-setup - INFO - Checking if pharospopup is running
2015-04-08 01:23:36,557 - pharos-linux-setup - INFO - Getting list of processes
2015-04-08 01:23:36,567 - pharos-linux-setup - INFO - pharospopup is not running.
2015-04-08 01:23:36,567 - pharos-linux-setup - INFO - Popup server is not running
2015-04-08 01:23:36,567 - pharos-linux-setup - INFO - Checking for poup server executable
2015-04-08 01:23:36,567 - pharos-linux-setup - WARNING - Popup server executable /usr/local/bin/pharospopup was already removed
2015-04-08 01:23:36,567 - pharos-linux-setup - INFO - Checking for pharos config file
2015-04-08 01:23:36,568 - pharos-linux-setup - WARNING - Pharos config file /usr/local/etc/pharos.conf was already removed
2015-04-08 01:23:36,568 - pharos-linux-setup - INFO - Successfully removed pharos popup file
2015-04-08 01:23:36,568 - pharos-linux-setup - INFO - Removing Session Manager Startup entries for pharos poups
2015-04-08 01:23:36,568 - pharos-linux-setup - INFO - Analyzing desktop environment
2015-04-08 01:23:36,568 - pharos-linux-setup - INFO - Checking if gnome is running
2015-04-08 01:23:36,568 - pharos-linux-setup - INFO - Getting list of processes
2015-04-08 01:23:36,578 - pharos-linux-setup - INFO - gnome is running with details:   824 ?        Sl     0:00 /usr/bin/gnome-keyring-daemon --daemonize --login 
2015-04-08 01:23:36,578 - pharos-linux-setup - INFO - gnome is running.
2015-04-08 01:23:36,578 - pharos-linux-setup - INFO - User is using gnome window manager
2015-04-08 01:23:36,578 - pharos-linux-setup - INFO - Removing popup server from GNOME session manager
2015-04-08 01:23:36,578 - pharos-linux-setup - INFO - Getting list of current users
2015-04-08 01:23:36,578 - pharos-linux-setup - INFO - Checking autostart file for user paul
2015-04-08 01:23:36,579 - pharos-linux-setup - INFO - Checking autostart file for root
2015-04-08 01:23:36,579 - pharos-linux-setup - INFO - Checking autostart file for future users
2015-04-08 01:23:36,579 - pharos-linux-setup - INFO - Successfully cleaned up startup entries from GNOME session
2015-04-08 01:23:36,579 - pharos-linux-setup - INFO - Completed removing pharos popup server from login
2015-04-08 01:23:36,579 - pharos-linux-setup - INFO - Successfully removed startup entries for pharos popup
2015-04-08 01:23:36,580 - pharos-linux-setup - INFO - Uninstall Log Files
2015-04-08 01:23:36,580 - pharos-linux-setup - INFO - Checking if log directory exists at /var/log/pharos
2015-04-08 01:23:36,580 - pharos-linux-setup - INFO - Successfully removed pharos log files
2015-04-08 01:25:19,879 - pharos-linux-setup - INFO - Beginning setup.py
2015-04-08 01:25:19,879 - pharos-linux-setup - INFO - Verifying pre-requisites
2015-04-08 01:25:19,879 - pharos-linux-setup - INFO - checking if cups is available
2015-04-08 01:25:19,879 - pharos-linux-setup - INFO - Checking if cups is running
2015-04-08 01:25:19,879 - pharos-linux-setup - INFO - Getting list of processes
2015-04-08 01:25:19,889 - pharos-linux-setup - INFO - cups is running with details:  1232 ?        Ssl    0:00 /usr/bin/cupsd -l 
2015-04-08 01:25:19,889 - pharos-linux-setup - INFO - cups is running.
2015-04-08 01:25:19,889 - pharos-linux-setup - INFO - CUPS is installed and running. Can continue
2015-04-08 01:25:19,889 - pharos-linux-setup - INFO - checking if wxPython is available
2015-04-08 01:25:19,966 - pharos-linux-setup - INFO - wxPython is installed
2015-04-08 01:25:19,966 - pharos-linux-setup - INFO - Checking if all the drivers used in /home/paul/Downloads/pharos-linux-master/printers.conf are installed on the system
2015-04-08 01:25:19,966 - pharos-linux-setup - INFO - Printers list = Linux_Laser, Linux_Color
2015-04-08 01:25:19,966 - pharos-linux-setup - INFO - Checking drivers for total 2 printers
2015-04-08 01:25:19,966 - pharos-linux-setup - INFO - Checking printer Linux_Laser
2015-04-08 01:25:19,966 - pharos-linux-setup - INFO - Printer Linux_Laser is defined in config file
2015-04-08 01:25:55,670 - pharos-linux-setup - INFO - Beginning setup.py
2015-04-08 01:25:55,670 - pharos-linux-setup - INFO - Verifying pre-requisites
2015-04-08 01:25:55,670 - pharos-linux-setup - INFO - checking if cups is available
2015-04-08 01:25:55,670 - pharos-linux-setup - INFO - Checking if cups is running
2015-04-08 01:25:55,670 - pharos-linux-setup - INFO - Getting list of processes
2015-04-08 01:25:55,679 - pharos-linux-setup - INFO - cups is running with details:  1232 ?        Ssl    0:00 /usr/bin/cupsd -l 
2015-04-08 01:25:55,679 - pharos-linux-setup - INFO - cups is running.
2015-04-08 01:25:55,679 - pharos-linux-setup - INFO - CUPS is installed and running. Can continue
2015-04-08 01:25:55,679 - pharos-linux-setup - INFO - checking if wxPython is available
2015-04-08 01:25:55,756 - pharos-linux-setup - INFO - wxPython is installed
2015-04-08 01:25:55,756 - pharos-linux-setup - INFO - Checking if all the drivers used in /home/paul/Downloads/pharos-linux-master/printers.conf are installed on the system
2015-04-08 01:25:55,756 - pharos-linux-setup - INFO - Printers list = Linux_Laser, Linux_Color
2015-04-08 01:25:55,757 - pharos-linux-setup - INFO - Checking drivers for total 2 printers
2015-04-08 01:25:55,757 - pharos-linux-setup - INFO - Checking printer Linux_Laser
2015-04-08 01:25:55,757 - pharos-linux-setup - INFO - Printer Linux_Laser is defined in config file
2015-04-08 01:25:55,757 - pharos-linux-setup - INFO - Checking if driver  is installed on the system for model HP LaserJet 600
2015-04-08 01:25:55,757 - pharos-linux-setup - INFO - Printer driver <> is defined for printer model HP LaserJet 600
2015-04-08 01:25:55,757 - pharos-linux-setup - INFO - Fixing Printer driver name
2015-04-08 01:25:55,894 - pharos-linux-setup - INFO - Total 2 drivers returned for <HP LaserJet 600> make and model
2015-04-08 01:25:55,894 - pharos-linux-setup - INFO - checking if driver <HP LaserJet 600 M601 M602 M603 Postscript> matches <>
2015-04-08 01:25:55,894 - pharos-linux-setup - INFO - Driver matches
2015-04-08 01:25:55,894 - pharos-linux-setup - INFO - Returing driver path lsb/usr/HP/hp-laserjet_600_m601_m602_m603-ps.ppd.gz
2015-04-08 01:25:55,894 - pharos-linux-setup - INFO - Driver <> is installed on the system 
2015-04-08 01:25:55,894 - pharos-linux-setup - INFO - Checking printer Linux_Color
2015-04-08 01:25:55,894 - pharos-linux-setup - INFO - Printer Linux_Color is defined in config file
2015-04-08 01:25:55,894 - pharos-linux-setup - INFO - Checking if driver  is installed on the system for model HP Color LaserJet CP4525
2015-04-08 01:25:55,895 - pharos-linux-setup - INFO - Printer driver <> is defined for printer model HP Color LaserJet CP4525
2015-04-08 01:25:55,895 - pharos-linux-setup - INFO - Fixing Printer driver name
2015-04-08 01:25:56,032 - pharos-linux-setup - ERROR - Could not get printer driver details using lpinfo
2015-04-08 01:25:56,033 - pharos-linux-setup - ERROR - Driver <> is not installed on the system 
2015-04-08 01:26:01,649 - pharos-linux-setup - INFO - User chose to continue without driver Linux_Color
2015-04-08 01:26:01,649 - pharos-linux-setup - INFO - Checking for CUPS backend directory /usr/lib/cups/backend
2015-04-08 01:26:01,649 - pharos-linux-setup - INFO - CUPS backend directory /usr/lib/cups/backend exists
2015-04-08 01:26:01,649 - pharos-linux-setup - INFO - Copy backend file /home/paul/Downloads/pharos-linux-master/pharos to /usr/lib/cups/backend
2015-04-08 01:26:01,650 - pharos-linux-setup - INFO - Backend file copied successfully
2015-04-08 01:26:01,651 - pharos-linux-setup - INFO - Set execution bit on the backend files
2015-04-08 01:26:01,653 - pharos-linux-setup - INFO - Successfully setup the execution bit on backend files: /usr/lib/cups/backend/pharos, /usr/lib/cups/backend/lpd
2015-04-08 01:26:01,653 - pharos-linux-setup - INFO - Installing poup server files
2015-04-08 01:26:01,653 - pharos-linux-setup - INFO - Trying to copy /home/paul/Downloads/pharos-linux-master/pharospopup to /usr/local/bin
2015-04-08 01:26:01,654 - pharos-linux-setup - INFO - Successfully copied /home/paul/Downloads/pharos-linux-master/pharospopup to /usr/local/bin
2015-04-08 01:26:01,654 - pharos-linux-setup - INFO - Trying to copy /home/paul/Downloads/pharos-linux-master/pharos.conf to /usr/local/etc
2015-04-08 01:26:01,654 - pharos-linux-setup - INFO - Successfully copied /home/paul/Downloads/pharos-linux-master/pharos.conf to /usr/local/etc
2015-04-08 01:26:01,654 - pharos-linux-setup - INFO - Analyzing desktop environment
2015-04-08 01:26:01,654 - pharos-linux-setup - INFO - Checking if gnome is running
2015-04-08 01:26:01,654 - pharos-linux-setup - INFO - Getting list of processes
2015-04-08 01:26:01,663 - pharos-linux-setup - INFO - gnome is running with details:   824 ?        Sl     0:00 /usr/bin/gnome-keyring-daemon --daemonize --login 
2015-04-08 01:26:01,664 - pharos-linux-setup - INFO - gnome is running.
2015-04-08 01:26:01,664 - pharos-linux-setup - INFO - User is using gnome window manager
2015-04-08 01:26:01,664 - pharos-linux-setup - INFO - Getting list of current users
2015-04-08 01:26:01,664 - pharos-linux-setup - INFO - Adding autostart file to user paul
2015-04-08 01:26:01,664 - pharos-linux-setup - INFO - Checking if directory /home/paul/.config/autostart exists
2015-04-08 01:26:01,664 - pharos-linux-setup - INFO - Autostart directory /home/paul/.config/autostart already exists
2015-04-08 01:26:01,664 - pharos-linux-setup - INFO - Successfully added autostart for paul user
2015-04-08 01:26:01,664 - pharos-linux-setup - INFO - Updating autostart file for root
2015-04-08 01:26:01,664 - pharos-linux-setup - INFO - Creating autostart directory /root/.config/autostart
2015-04-08 01:26:01,664 - pharos-linux-setup - INFO - Successfully added autostart to root user
2015-04-08 01:26:01,665 - pharos-linux-setup - INFO - Updating autostart file for future users
2015-04-08 01:26:01,665 - pharos-linux-setup - INFO - Creating autostart directory /etc/skel/.config/autostart
2015-04-08 01:26:01,665 - pharos-linux-setup - INFO - Successfully added autostart in skel for future users
2015-04-08 01:26:01,665 - pharos-linux-setup - INFO - Completed adding pharos popup server to login
2015-04-08 01:26:01,665 - pharos-linux-setup - INFO - Creating log directories
2015-04-08 01:26:01,665 - pharos-linux-setup - INFO - Creating autostart directory /var/log/pharos
2015-04-08 01:26:01,665 - pharos-linux-setup - INFO - Changing permission for directory /var/log/pharos
2015-04-08 01:26:01,668 - pharos-linux-setup - INFO - Successfully updated permissions for /var/log/pharos
2015-04-08 01:26:01,668 - pharos-linux-setup - INFO - Creating log file /var/log/pharos/pharos.log
2015-04-08 01:26:01,668 - pharos-linux-setup - INFO - file created successfully
2015-04-08 01:26:01,670 - pharos-linux-setup - INFO - successfully changed permissions for file /var/log/pharos/pharos.log
2015-04-08 01:26:01,671 - pharos-linux-setup - INFO - Creating log file /var/log/pharos/pharospopup.log
2015-04-08 01:26:01,671 - pharos-linux-setup - INFO - file created successfully
2015-04-08 01:26:01,673 - pharos-linux-setup - INFO - successfully changed permissions for file /var/log/pharos/pharospopup.log
2015-04-08 01:26:01,673 - pharos-linux-setup - INFO - Installing print queues using config file /home/paul/Downloads/pharos-linux-master/printers.conf
2015-04-08 01:26:01,674 - pharos-linux-setup - INFO - Printers list = Linux_Laser, Linux_Color
2015-04-08 01:26:01,674 - pharos-linux-setup - INFO - Need to install total 2 printers
2015-04-08 01:26:01,674 - pharos-linux-setup - INFO - Installing printer Linux_Laser
2015-04-08 01:26:01,674 - pharos-linux-setup - INFO - Printer Linux_Laser is defined in config file
2015-04-08 01:26:01,674 - pharos-linux-setup - INFO - Installing printer {'printqueue': 'Linux_Laser', 'description': 'University Any Building Black and White Printer', 'lpdserver': 'uniprint.cair.du.edu', 'make': 'HP', 'driver': '', 'duplexerinstalled': 'Yes', 'lpdqueue': 'p-dunet6xx', 'model': 'HP LaserJet 600', 'defaultduplex': 'No', 'location': 'University of Denver Library'}
2015-04-08 01:26:01,674 - pharos-linux-setup - INFO - Checking if driver  is installed on the system for model HP LaserJet 600
2015-04-08 01:26:01,674 - pharos-linux-setup - INFO - Printer driver <> is defined for printer model HP LaserJet 600
2015-04-08 01:26:01,674 - pharos-linux-setup - INFO - Fixing Printer driver name
2015-04-08 01:26:01,822 - pharos-linux-setup - INFO - Total 2 drivers returned for <HP LaserJet 600> make and model
2015-04-08 01:26:01,822 - pharos-linux-setup - INFO - checking if driver <HP LaserJet 600 M601 M602 M603 Postscript> matches <>
2015-04-08 01:26:01,822 - pharos-linux-setup - INFO - Driver matches
2015-04-08 01:26:01,822 - pharos-linux-setup - INFO - Returing driver path lsb/usr/HP/hp-laserjet_600_m601_m602_m603-ps.ppd.gz
2015-04-08 01:26:01,822 - pharos-linux-setup - INFO - Checking if printer Linux_Laser exists
2015-04-08 01:26:01,822 - pharos-linux-setup - INFO - Checking if printer Linux_Laser already exists using command ['lpoptions', '-d', 'Linux_Laser']
2015-04-08 01:26:01,828 - pharos-linux-setup - INFO - Could not check if printer exists using lpoptions command or printer does not exists
2015-04-08 01:26:01,828 - pharos-linux-setup - INFO - Using driver path lsb/usr/HP/hp-laserjet_600_m601_m602_m603-ps.ppd.gz
2015-04-08 01:26:01,828 - pharos-linux-setup - INFO - Adding printer using lpadmin command: ['lpadmin', '-E', '-p', 'Linux_Laser', '-v', 'pharos://uniprint.cair.du.edu/p-dunet6xx', '-m', 'lsb/usr/HP/hp-laserjet_600_m601_m602_m603-ps.ppd.gz', '-L', 'University of Denver Library', '-D', 'University Any Building Black and White Printer']
2015-04-08 01:26:02,227 - pharos-linux-setup - INFO - command result = 
2015-04-08 01:26:02,227 - pharos-linux-setup - INFO - Processing duplex printing for HP printer
2015-04-08 01:26:02,227 - pharos-linux-setup - INFO - Enabling duplex unit for HP printer Linux_Laser
2015-04-08 01:26:02,229 - pharos-linux-setup - INFO - Checking if ppd file /etc/cups/ppd/Linux_Laser.ppd exists
2015-04-08 01:26:02,229 - pharos-linux-setup - INFO - ppd file /etc/cups/ppd/Linux_Laser.ppd exists
2015-04-08 01:26:02,243 - pharos-linux-setup - INFO - successfully created file /tmp/tmpw8CSwi
2015-04-08 01:26:02,244 - pharos-linux-setup - INFO - Successfully copied the modified ppd file to /etc/cups/ppd/Linux_Laser.ppd
2015-04-08 01:26:02,244 - pharos-linux-setup - INFO - Updating permissions on file /etc/cups/ppd/Linux_Laser.ppd
2015-04-08 01:26:02,246 - pharos-linux-setup - INFO - Successfully deleted file <closed file '<fdopen>', mode 'w+b' at 0x7fd6ad6e2f60>
2015-04-08 01:26:02,247 - pharos-linux-setup - INFO - Successfully enabled duplex unit for printer Linux_Laser
2015-04-08 01:26:02,247 - pharos-linux-setup - INFO - successfully set duplexer for hp printer Linux_Laser
2015-04-08 01:26:02,247 - pharos-linux-setup - INFO - Trying to enable printer Linux_Laser using command ['cupsaccept', 'Linux_Laser']
2015-04-08 01:26:02,253 - pharos-linux-setup - INFO - Result = 0
2015-04-08 01:26:02,253 - pharos-linux-setup - INFO - Trying to enable printer Linux_Laser using command ['cupsenable', 'Linux_Laser']
2015-04-08 01:26:02,262 - pharos-linux-setup - INFO - Result = 0
2015-04-08 01:26:02,262 - pharos-linux-setup - INFO - Successfully enabled printer Linux_Laser
2015-04-08 01:26:02,262 - pharos-linux-setup - INFO - Checking if printer Linux_Laser exists
2015-04-08 01:26:02,262 - pharos-linux-setup - INFO - Checking if printer Linux_Laser already exists using command ['lpoptions', '-d', 'Linux_Laser']
2015-04-08 01:26:02,269 - pharos-linux-setup - INFO - Result of printer delete command copies=1 device-uri=pharos://uniprint.cair.du.edu/p-dunet6xx finishings=3 job-cancel-after=10800 job-hold-until=no-hold job-priority=50 job-sheets=none,none marker-change-time=0 number-up=1 printer-commands=ReportLevels printer-info='University Any Building Black and White Printer' printer-is-accepting-jobs=true printer-is-shared=true printer-location='University of Denver Library' printer-make-and-model='HP LaserJet 600 M601 M602 M603 Postscript (recommended)' printer-state=3 printer-state-change-time=1428477962 printer-state-reasons=none printer-type=8425668 printer-uri-supported=ipp://localhost/printers/Linux_Laser

2015-04-08 01:26:02,269 - pharos-linux-setup - INFO - Printer Linux_Laser already exists
2015-04-08 01:26:02,269 - pharos-linux-setup - INFO - Successfully created printer Linux_Laser
2015-04-08 01:26:02,269 - pharos-linux-setup - INFO - Successfully installed printer Linux_Laser
2015-04-08 01:26:02,269 - pharos-linux-setup - INFO - Installing printer Linux_Color
2015-04-08 01:26:02,269 - pharos-linux-setup - INFO - Printer Linux_Color is defined in config file
2015-04-08 01:26:02,270 - pharos-linux-setup - INFO - Installing printer {'printqueue': 'Linux_Color', 'description': 'University Any Building Color Printer', 'lpdserver': 'uniprint.cair.du.edu', 'make': 'HP', 'driver': '', 'duplexerinstalled': 'Yes', 'lpdqueue': 'p-dunet4525', 'model': 'HP Color LaserJet CP4525', 'defaultduplex': 'Yes', 'location': 'University of Denver Library'}
2015-04-08 01:26:02,270 - pharos-linux-setup - INFO - Checking if driver  is installed on the system for model HP Color LaserJet CP4525
2015-04-08 01:26:02,270 - pharos-linux-setup - INFO - Printer driver <> is defined for printer model HP Color LaserJet CP4525
2015-04-08 01:26:02,270 - pharos-linux-setup - INFO - Fixing Printer driver name
2015-04-08 01:26:02,411 - pharos-linux-setup - ERROR - Could not get printer driver details using lpinfo
2015-04-08 01:26:02,411 - pharos-linux-setup - INFO - Could not find the required driver installed on the system. Cannot install printer
2015-04-08 01:26:02,411 - pharos-linux-setup - WARNING - Could not install printer Linux_Color as driver is missing
2015-04-08 01:26:02,411 - pharos-linux-setup - INFO - Copying the uinstaller files
2015-04-08 01:26:02,411 - pharos-linux-setup - INFO - Copying uninstaller file /home/paul/Downloads/pharos-linux-master/pharos-uninstall to /usr/local/bin
2015-04-08 01:26:02,411 - pharos-linux-setup - INFO - Successfully copied uninstaller file to /usr/local/bin
2015-04-08 01:26:02,411 - pharos-linux-setup - INFO - Setting up permissions on uninstaller file /usr/local/bin/pharos-uninstall
2015-04-08 01:26:02,414 - pharos-linux-setup - INFO - Successfully set up permissions on uninstaller file /usr/local/bin/pharos-uninstall
2015-04-08 01:26:02,414 - pharos-linux-setup - INFO - Checking if directory /usr/local/lib/pharos exists
2015-04-08 01:26:02,414 - pharos-linux-setup - INFO - Trying to create directroy /usr/local/lib/pharos
2015-04-08 01:26:02,415 - pharos-linux-setup - INFO - Successfully created directory /usr/local/lib/pharos
2015-04-08 01:26:02,415 - pharos-linux-setup - INFO - Trying to copy shared library files
2015-04-08 01:26:02,415 - pharos-linux-setup - INFO - Copying file /home/paul/Downloads/pharos-linux-master/pharosuninstall.pyc to /usr/local/lib/pharos
2015-04-08 01:26:02,415 - pharos-linux-setup - INFO - Successfully copied file /home/paul/Downloads/pharos-linux-master/pharosuninstall.pyc to /usr/local/lib/pharos
2015-04-08 01:26:02,415 - pharos-linux-setup - INFO - Copying file /home/paul/Downloads/pharos-linux-master/printerutils.pyc to /usr/local/lib/pharos
2015-04-08 01:26:02,415 - pharos-linux-setup - INFO - Successfully copied file /home/paul/Downloads/pharos-linux-master/printerutils.pyc to /usr/local/lib/pharos
2015-04-08 01:26:02,415 - pharos-linux-setup - INFO - Copying file /home/paul/Downloads/pharos-linux-master/processutils.pyc to /usr/local/lib/pharos
2015-04-08 01:26:02,415 - pharos-linux-setup - INFO - Successfully copied file /home/paul/Downloads/pharos-linux-master/processutils.pyc to /usr/local/lib/pharos
